building_id, mean_temp, std_temp, pct_above_18, pct_below_15
10000, 14.01233878811275, 6.367431059312565, 30.941014791508444, 55.542295034537624
10009, 11.000135812436373, 5.811144379826625, 16.6712734948236, 74.9723590310584
10014, 14.744169941950119, 7.037733284673848, 38.26367541377415, 52.80837116508215
10019, 14.735524480624482, 7.030325006703675, 38.14915412864569, 52.92926826787113
10029, 10.616037322820358, 6.317331938274926, 18.25563221896085, 74.51301795448481
10031, 12.507072852890545, 6.278432089100354, 24.044722033998173, 66.39513301711693
10051, 13.289039951277402, 5.999085063388632, 25.97693550756574, 62.859923608050536
10053, 11.366493551285709, 6.26121798185875, 19.9510754583921, 72.41052538787024
10056, 14.220114507861702, 6.179461157398302, 31.763454814173965, 57.06174975667784
10064, 12.71696893739585, 6.964227784263683, 28.79137124461432, 62.75688345539249

elapsed_seconds,29.568946273066103
Generating '/tmp/nsys-report-738e.qdstrm'
[1/1] [0%                          ] cupy_profile_28305801.nsys-rep[1/1] [0%                          ] cupy_profile_28305801.nsys-rep[1/1] [0%                          ] cupy_profile_28305801.nsys-rep[1/1] [0%                          ] cupy_profile_28305801.nsys-rep[1/1] [========================100%] cupy_profile_28305801.nsys-rep
Generated:
    /zhome/aa/6/205647/hpc-project/Mini-Project/Task_10/cupy_profile_28305801.qdstrm
    /zhome/aa/6/205647/hpc-project/Mini-Project/Task_10/cupy_profile_28305801.nsys-rep

------------------------------------------------------------
Sender: LSF System <lsfadmin@hpc.dtu.dk>
Subject: Job 28305801: <cupy_nsys> in cluster <dcc> Done

Job <cupy_nsys> was submitted from host <hpclogin1> by user <s234615> in cluster <dcc> at Mon Apr 27 16:47:50 2026
Job was executed on host(s) <4*n-62-18-13>, in queue <c02613>, as user <s234615> in cluster <dcc> at Mon Apr 27 16:47:51 2026
</zhome/aa/6/205647> was used as the home directory.
</zhome/aa/6/205647/hpc-project/Mini-Project/Task_10> was used as the working directory.
Started at Mon Apr 27 16:47:51 2026
Terminated at Mon Apr 27 16:48:52 2026
Results reported at Mon Apr 27 16:48:52 2026

Your job looked like:

------------------------------------------------------------
# LSBATCH: User input
#!/bin/bash
#BSUB -J cupy_nsys
#BSUB -q c02613
#BSUB -n 4
#BSUB -R "span[hosts=1]"
#BSUB -R "rusage[mem=4GB]"
#BSUB -gpu "num=1:mode=exclusive_process"
#BSUB -W 00:30
#BSUB -o /zhome/aa/6/205647/hpc-project/Mini-Project/outputs/cupy_nsys_%J.out
#BSUB -e /zhome/aa/6/205647/hpc-project/Mini-Project/errors/cupy_nsys_%J.err

source /dtu/projects/02613_2025/conda/conda_init.sh
conda activate 02613_2026

nsys profile -o cupy_profile_${LSB_JOBID} python ../Task_9/simulate_cupy.py 10
------------------------------------------------------------

Successfully completed.

Resource usage summary:

    CPU time :                                   49.00 sec.
    Max Memory :                                 848 MB
    Average Memory :                             277.33 MB
    Total Requested Memory :                     16384.00 MB
    Delta Memory :                               15536.00 MB
    Max Swap :                                   -
    Max Processes :                              8
    Max Threads :                                33
    Run time :                                   61 sec.
    Turnaround time :                            62 sec.

The output (if any) is above this job summary.



PS:

Read file </zhome/aa/6/205647/hpc-project/Mini-Project/errors/cupy_nsys_28305801.err> for stderr output of this job.

