No GPU on this node, CUDA module not loaded
building_id, mean_temp, std_temp, pct_above_18, pct_below_15
10000, 14.01233878811275, 6.367431059312565, 30.941014791508444, 55.542295034537624
Wrote profile results to 'simulate_28294143.py.lprof'
Inspect results with:
python -m line_profiler -rmt simulate_28294143.py.lprof

------------------------------------------------------------
Sender: LSF System <lsfadmin@hpc.dtu.dk>
Subject: Job 28294143: <wallheat_prof> in cluster <dcc> Done

Job <wallheat_prof> was submitted from host <hpclogin1> by user <s234615> in cluster <dcc> at Sun Apr 26 18:00:35 2026
Job was executed on host(s) <n-62-31-21>, in queue <hpc>, as user <s234615> in cluster <dcc> at Sun Apr 26 18:00:36 2026
</zhome/aa/6/205647> was used as the home directory.
</zhome/aa/6/205647/hpc-project/Mini-Project/Task_4> was used as the working directory.
Started at Sun Apr 26 18:00:36 2026
Terminated at Sun Apr 26 18:00:46 2026
Results reported at Sun Apr 26 18:00:46 2026

Your job looked like:

------------------------------------------------------------
# LSBATCH: User input
#!/bin/bash
#BSUB -J wallheat_prof
#BSUB -q hpc
#BSUB -n 1
#BSUB -R "span[hosts=1]"
#BSUB -R "rusage[mem=4096]"
#BSUB -W 04:00
#BSUB -o /zhome/aa/6/205647/hpc-project/Mini-Project/outputs/wallheat_prof_%J.out
#BSUB -e /zhome/aa/6/205647/hpc-project/Mini-Project/errors/wallheat_prof_%J.err

source /dtu/projects/02613_2025/conda/conda_init.sh
conda activate 02613_2026

python -m kernprof -l -o simulate_${LSB_JOBID}.py.lprof ../simulate.py 1
python -m line_profiler simulate_${LSB_JOBID}.py.lprof > simulate_${LSB_JOBID}_profile.txt
------------------------------------------------------------

Successfully completed.

Resource usage summary:

    CPU time :                                   9.26 sec.
    Max Memory :                                 -
    Average Memory :                             -
    Total Requested Memory :                     4096.00 MB
    Delta Memory :                               -
    Max Swap :                                   -
    Max Processes :                              -
    Max Threads :                                -
    Run time :                                   10 sec.
    Turnaround time :                            11 sec.

The output (if any) is above this job summary.



PS:

Read file </zhome/aa/6/205647/hpc-project/Mini-Project/errors/wallheat_prof_28294143.err> for stderr output of this job.

