No GPU on this node, CUDA module not loaded
building_id, mean_temp, std_temp, pct_above_18, pct_below_15
10000, 14.01233878811275, 6.367431059312565, 30.941014791508444, 55.542295034537624
Wrote profile results to 'simulate.py.lprof'
Inspect results with:
python -m line_profiler -rmt simulate.py.lprof
Timer unit: 1e-06 s

Total time: 7.65877 s
File: ../simulate.py
Function: jacobi at line 20

Line #      Hits         Time  Per Hit   % Time  Line Contents
==============================================================
    20                                           @profile 
    21                                           def jacobi(u, interior_mask, max_iter, atol=1e-6):
    22         1       1485.0   1485.0      0.0      u = np.copy(u)
    23                                           
    24      3602       4082.5      1.1      0.1      for i in range(max_iter):
    25                                                   # Compute average of left, right, up and down neighbors, see eq. (1)
    26      3602    4928544.5   1368.3     64.4          u_new = 0.25 * (u[1:-1, :-2] + u[1:-1, 2:] + u[:-2, 1:-1] + u[2:, 1:-1])
    27      3602     674789.6    187.3      8.8          u_new_interior = u_new[interior_mask]
    28      3602    1276662.0    354.4     16.7          delta = np.abs(u[1:-1, 1:-1][interior_mask] - u_new_interior).max()
    29      3602     760982.3    211.3      9.9          u[1:-1, 1:-1][interior_mask] = u_new_interior
    30                                           
    31      3602      12217.0      3.4      0.2          if delta < atol:
    32         1          1.1      1.1      0.0              break
    33         1          2.2      2.2      0.0      return u


------------------------------------------------------------
Sender: LSF System <lsfadmin@hpc.dtu.dk>
Subject: Job 28294138: <wallheat_prof> in cluster <dcc> Done

Job <wallheat_prof> was submitted from host <hpclogin1> by user <s234615> in cluster <dcc> at Sun Apr 26 17:57:27 2026
Job was executed on host(s) <n-62-31-21>, in queue <hpc>, as user <s234615> in cluster <dcc> at Sun Apr 26 17:57:27 2026
</zhome/aa/6/205647> was used as the home directory.
</zhome/aa/6/205647/hpc-project/Mini-Project/Task_4> was used as the working directory.
Started at Sun Apr 26 17:57:27 2026
Terminated at Sun Apr 26 17:57:37 2026
Results reported at Sun Apr 26 17:57:37 2026

Your job looked like:

------------------------------------------------------------
# LSBATCH: User input
#!/bin/bash
#BSUB -J wallheat_prof
#BSUB -q hpc
#BSUB -n 1
#BSUB -R "span[hosts=1]"
#BSUB -R "rusage[mem=4096]"
#BSUB -W 04:00
#BSUB -o /zhome/aa/6/205647/hpc-project/Mini-Project/outputs/wallheat_prof_%J.out
#BSUB -e /zhome/aa/6/205647/hpc-project/Mini-Project/errors/wallheat_prof_%J.err

source /dtu/projects/02613_2025/conda/conda_init.sh
conda activate 02613_2026

python -m kernprof -l ../simulate.py 1
python -m line_profiler simulate.py.lprof
------------------------------------------------------------

Successfully completed.

Resource usage summary:

    CPU time :                                   9.00 sec.
    Max Memory :                                 -
    Average Memory :                             -
    Total Requested Memory :                     4096.00 MB
    Delta Memory :                               -
    Max Swap :                                   -
    Max Processes :                              -
    Max Threads :                                -
    Run time :                                   10 sec.
    Turnaround time :                            10 sec.

The output (if any) is above this job summary.



PS:

Read file </zhome/aa/6/205647/hpc-project/Mini-Project/errors/wallheat_prof_28294138.err> for stderr output of this job.

